C51 COMPILER V9.60.0.0   MAIN                                                              01/20/2024 14:04:53 PAGE 1   


C51 COMPILER V9.60.0.0, COMPILATION OF MODULE MAIN
OBJECT MODULE PLACED IN .\Objects\main.obj
COMPILER INVOKED BY: D:\Keil_v5\C51\BIN\C51.EXE main.c OPTIMIZE(8,SPEED) BROWSE DEBUG OBJECTEXTEND PRINT(.\Listings\main
                    -.lst) OBJECT(.\Objects\main.obj)

line level    source

   1          #include "stc8g.h"
   2          #include "intrins.h"
   3          
   4          unsigned char Light_Flag;
   5          unsigned char Rdat = 0xFF, Gdat = 0x00, Bdat = 0x00;
   6          unsigned char Rec_Cnt;
   7          
   8          void Delay300us(void)   //@24.000MHz
   9          {
  10   1              unsigned char data i, j;
  11   1      
  12   1              i = 10;
  13   1              j = 87;
  14   1              do
  15   1              {
  16   2                      while (--j);
  17   2              } while (--i);
  18   1      }
  19          
  20          void Delay2000ms(void)  //@24.000MHz
  21          {
  22   1              unsigned char data i, j, k;
  23   1      
  24   1              i = 244;
  25   1              j = 130;
  26   1              k = 4;
  27   1              do
  28   1              {
  29   2                      do
  30   2                      {
  31   3                              while (--k);
  32   3                      } while (--j);
  33   2              } while (--i);
  34   1      }
  35          
  36          void WS2812_Send_Bit(bit data_bit)
  37          {
  38   1              if(data_bit)
  39   1              {
  40   2                      P33 = 1;
  41   2                      _nop_();_nop_();_nop_();_nop_();_nop_();_nop_();_nop_();
  42   2                      _nop_();_nop_();_nop_();_nop_();_nop_();_nop_();_nop_();
  43   2                      _nop_();_nop_();_nop_();_nop_();_nop_();_nop_();_nop_();
  44   2                      P33 = 0;
  45   2                      _nop_();_nop_();_nop_();_nop_();_nop_();_nop_();_nop_();
  46   2              }
  47   1              else
  48   1              {
  49   2                      P33 = 1;
  50   2                      _nop_();_nop_();_nop_();_nop_();_nop_();_nop_();_nop_();
  51   2                      P33 = 0;
  52   2                      _nop_();_nop_();_nop_();_nop_();_nop_();_nop_();_nop_();
  53   2                      _nop_();_nop_();_nop_();_nop_();_nop_();_nop_();_nop_();
  54   2                      _nop_();_nop_();_nop_();_nop_();_nop_();_nop_();_nop_();
C51 COMPILER V9.60.0.0   MAIN                                                              01/20/2024 14:04:53 PAGE 2   

  55   2              }
  56   1      }
  57          
  58          void WS2812_Rand_Color(unsigned char r,unsigned char g,unsigned char b)
  59          {
  60   1              WS2812_Send_Bit(g&0x80);WS2812_Send_Bit(g&0x40);WS2812_Send_Bit(g&0x20);WS2812_Send_Bit(g&0x10);
  61   1              WS2812_Send_Bit(g&0x08);WS2812_Send_Bit(g&0x04);WS2812_Send_Bit(g&0x02);WS2812_Send_Bit(g&0x01);
  62   1              
  63   1              WS2812_Send_Bit(r&0x80);WS2812_Send_Bit(r&0x40);WS2812_Send_Bit(r&0x20);WS2812_Send_Bit(r&0x10);
  64   1              WS2812_Send_Bit(r&0x08);WS2812_Send_Bit(r&0x04);WS2812_Send_Bit(r&0x02);WS2812_Send_Bit(r&0x01);
  65   1              
  66   1              WS2812_Send_Bit(b&0x80);WS2812_Send_Bit(b&0x40);WS2812_Send_Bit(b&0x20);WS2812_Send_Bit(b&0x10);
  67   1              WS2812_Send_Bit(b&0x08);WS2812_Send_Bit(b&0x04);WS2812_Send_Bit(b&0x02);WS2812_Send_Bit(b&0x01);
  68   1      }
  69          
  70          void Uart1_Init(void)   //9600bps@24.000MHz
  71          {
  72   1              SCON = 0x50;            //8位数据,可变波特率
  73   1              AUXR |= 0x40;           //定时器时钟1T模式
  74   1              AUXR &= 0xFE;           //串口1选择定时器1为波特率发生器
  75   1              TMOD &= 0x0F;           //设置定时器模式
  76   1              TL1 = 0x8F;                     //设置定时初始值
  77   1              TH1 = 0xFD;                     //设置定时初始值
  78   1              ET1 = 0;                        //禁止定时器中断
  79   1              TR1 = 1;                        //定时器1开始计时
  80   1              ES = 1;                         //使能串口1中断
  81   1      }
  82          
  83          void main()
  84          {
  85   1              unsigned char i;
  86   1              
  87   1              P0M0 = 0x00;
  88   1          P0M1 = 0x00;
  89   1          P1M0 = 0x00;
  90   1          P1M1 = 0x00;
  91   1          P2M0 = 0x00;
  92   1          P2M1 = 0x00;
  93   1          P3M0 = 0x00;
  94   1          P3M1 = 0x00;
  95   1          P4M0 = 0x00;
  96   1          P4M1 = 0x00;
  97   1          P5M0 = 0x00;
  98   1          P5M1 = 0x00;
  99   1              
 100   1              P55 = 1;
 101   1              P33 = 0;
 102   1              
 103   1          IT0 = 1;
 104   1          EX0 = 1;
 105   1              
 106   1              Uart1_Init();
 107   1              
 108   1              EA = 1;
 109   1              
 110   1              PCON = 0x02;
 111   1              _nop_();
 112   1      
 113   1              while (1)
 114   1              {
 115   2                      if (P32 == 0)
 116   2                      {
C51 COMPILER V9.60.0.0   MAIN                                                              01/20/2024 14:04:53 PAGE 3   

 117   3                              Delay2000ms();
 118   3                              if (P32 == 0)
 119   3                              {
 120   4                                      Light_Flag = ~Light_Flag;
 121   4                              }
 122   3                      }
 123   2                      
 124   2                      if (Light_Flag)
 125   2                      {
 126   3                              P55 = 0;
 127   3                              for(i = 0; i < 12; i++)
 128   3                              {
 129   4                                      WS2812_Rand_Color(Rdat, Gdat, Bdat);
 130   4                              }
 131   3                              P33 = 0;
 132   3                              Delay300us();
 133   3                      }
 134   2                      else
 135   2                      {
 136   3                              P55 = 1;
 137   3                              PCON = 0x02;
 138   3                              _nop_();
 139   3                      }
 140   2              }
 141   1      }
 142          
 143          void INT0_Isr() interrupt 0 
 144          {
 145   1      
 146   1      }
 147          
 148          void Uart1_Isr(void) interrupt 4
 149          {
 150   1              if (RI)                         //检测串口1接收中断
 151   1              {
 152   2                      RI = 0;                 //清除串口1接收中断请求位
 153   2                      switch (Rec_Cnt)
 154   2                      {
 155   3                              case 0:
 156   3                                      Rdat = SBUF;
 157   3                                      Rec_Cnt++;
 158   3                                      break;
 159   3                              case 1:
 160   3                                      Gdat = SBUF;
 161   3                                      Rec_Cnt++;
 162   3                                      break;
 163   3                              case 2:
 164   3                                      Bdat = SBUF;
 165   3                                      Rec_Cnt++;
 166   3                                      break;
 167   3                              default:
 168   3                                      Rec_Cnt = 0;
 169   3                                      break;
 170   3                      }
 171   2                      
 172   2              }
 173   1      }


MODULE INFORMATION:   STATIC OVERLAYABLE
   CODE SIZE        =    420    ----
   CONSTANT SIZE    =   ----    ----
C51 COMPILER V9.60.0.0   MAIN                                                              01/20/2024 14:04:53 PAGE 4   

   XDATA SIZE       =   ----    ----
   PDATA SIZE       =   ----    ----
   DATA SIZE        =      5    ----
   IDATA SIZE       =   ----    ----
   BIT SIZE         =   ----       1
END OF MODULE INFORMATION.


C51 COMPILATION COMPLETE.  0 WARNING(S),  0 ERROR(S)
